========================================
Build started for BusBuddy.Core - Debug at 7/20/2025 5:26:03 PM
Build completed for BusBuddy.Core - Debug at 7/20/2025 5:26:12 PM
========================================
========================================
Build started for BusBuddy.Core - Debug at 7/20/2025 5:34:45 PM
Build completed for BusBuddy.Core - Debug at 7/20/2025 5:34:49 PM
========================================
========================================
Build started for BusBuddy.Core - Debug at 7/20/2025 5:39:24 PM
Build completed for BusBuddy.Core - Debug at 7/20/2025 5:39:27 PM
========================================
========================================
Build started for BusBuddy.Core - Debug at 7/20/2025 7:03:15 PM
Build completed for BusBuddy.Core - Debug at 7/20/2025 7:03:22 PM
========================================
========================================
Build started for BusBuddy.Core - Debug at 7/20/2025 7:13:53 PM
Build completed for BusBuddy.Core - Debug at 7/20/2025 7:13:53 PM
========================================
========================================
Build started for BusBuddy.Core - Debug at 7/20/2025 7:15:03 PM
Build completed for BusBuddy.Core - Debug at 7/20/2025 7:15:04 PM
========================================
========================================
Build started for BusBuddy.Core - Debug at 7/20/2025 7:17:42 PM
Build completed for BusBuddy.Core - Debug at 7/20/2025 7:17:43 PM
========================================
========================================
Build started for BusBuddy.Core - Debug at 7/20/2025 7:59:24 PM
Build completed for BusBuddy.Core - Debug at 7/20/2025 7:59:27 PM
========================================
========================================
Build started for BusBuddy.Core - Debug at 7/20/2025 8:01:37 PM
Build completed for BusBuddy.Core - Debug at 7/20/2025 8:01:37 PM
========================================
========================================
Build started for BusBuddy.Core - Debug at 7/20/2025 8:01:55 PM
Build completed for BusBuddy.Core - Debug at 7/20/2025 8:01:55 PM
========================================
========================================
Build started for BusBuddy.Core - Debug at 7/20/2025 8:02:07 PM
Build completed for BusBuddy.Core - Debug at 7/20/2025 8:02:07 PM
========================================
========================================
Build started for BusBuddy.Core - Debug at 7/20/2025 8:03:29 PM
Build completed for BusBuddy.Core - Debug at 7/20/2025 8:03:29 PM
========================================
========================================
Build started for BusBuddy.Core - Debug at 7/20/2025 8:16:21 PM
Build completed for BusBuddy.Core - Debug at 7/20/2025 8:16:23 PM
========================================
========================================
Build started for BusBuddy.Core - Debug at 7/20/2025 8:17:54 PM
Build completed for BusBuddy.Core - Debug at 7/20/2025 8:17:54 PM
========================================
========================================
Build started for BusBuddy.Core - Debug at 7/20/2025 8:18:19 PM
Build completed for BusBuddy.Core - Debug at 7/20/2025 8:18:19 PM
========================================
========================================
Build started for BusBuddy.Core - Debug at 7/20/2025 8:18:28 PM
Build completed for BusBuddy.Core - Debug at 7/20/2025 8:18:28 PM
========================================
========================================
Build started for BusBuddy.Core - Debug at 7/20/2025 8:18:38 PM
Build completed for BusBuddy.Core - Debug at 7/20/2025 8:18:40 PM
========================================
========================================
Build started for BusBuddy.Core - Debug at 7/20/2025 8:27:54 PM
Build completed for BusBuddy.Core - Debug at 7/20/2025 8:27:56 PM
========================================
========================================
Build started for BusBuddy.Core - Debug at 7/20/2025 8:29:25 PM
Build completed for BusBuddy.Core - Debug at 7/20/2025 8:29:27 PM
========================================
========================================
Build started for BusBuddy.Core - Debug at 7/20/2025 8:32:08 PM
Build completed for BusBuddy.Core - Debug at 7/20/2025 8:32:10 PM
========================================
========================================
Build started for BusBuddy.Core - Debug at 7/20/2025 8:34:25 PM
Build completed for BusBuddy.Core - Debug at 7/20/2025 8:34:25 PM
========================================
========================================
Build started for BusBuddy.Core - Debug at 7/20/2025 8:34:37 PM
Build completed for BusBuddy.Core - Debug at 7/20/2025 8:34:37 PM
========================================
========================================
Build started for BusBuddy.Core - Debug at 7/20/2025 8:34:57 PM
Build completed for BusBuddy.Core - Debug at 7/20/2025 8:34:57 PM
========================================
========================================
Build started for BusBuddy.Core - Debug at 7/20/2025 8:39:54 PM
Build completed for BusBuddy.Core - Debug at 7/20/2025 8:39:57 PM
========================================
========================================
Build started for BusBuddy.Core - Debug at 7/20/2025 8:44:48 PM
Build completed for BusBuddy.Core - Debug at 7/20/2025 8:44:48 PM
========================================
========================================
Build started for BusBuddy.Core - Debug at 7/20/2025 8:45:02 PM
Build completed for BusBuddy.Core - Debug at 7/20/2025 8:45:02 PM
========================================
========================================
Build started for BusBuddy.Core - Debug at 7/20/2025 8:57:00 PM
Build completed for BusBuddy.Core - Debug at 7/20/2025 8:57:01 PM
========================================
========================================
Build started for BusBuddy.Core - Debug at 7/20/2025 8:58:26 PM
Build completed for BusBuddy.Core - Debug at 7/20/2025 8:58:26 PM
========================================
========================================
Build started for BusBuddy.Core - Debug at 7/20/2025 8:58:38 PM
Build completed for BusBuddy.Core - Debug at 7/20/2025 8:58:38 PM
========================================
========================================
Build started for BusBuddy.Core - Debug at 7/20/2025 9:38:09 PM
Build completed for BusBuddy.Core - Debug at 7/20/2025 9:38:18 PM
========================================
========================================
Build started for BusBuddy.Core - Debug at 7/20/2025 9:47:02 PM
Build completed for BusBuddy.Core - Debug at 7/20/2025 9:47:08 PM
========================================
========================================
Build started for BusBuddy.Core - Debug at 7/20/2025 10:07:59 PM
Build completed for BusBuddy.Core - Debug at 7/20/2025 10:08:06 PM
========================================
========================================
Build started for BusBuddy.Core - Debug at 7/20/2025 10:16:15 PM
Build completed for BusBuddy.Core - Debug at 7/20/2025 10:16:16 PM
========================================
========================================
Build started for BusBuddy.Core - Debug at 7/20/2025 10:22:46 PM
Build completed for BusBuddy.Core - Debug at 7/20/2025 10:22:46 PM
========================================
========================================
Build started for BusBuddy.Core - Debug at 7/20/2025 10:24:56 PM
Build completed for BusBuddy.Core - Debug at 7/20/2025 10:24:56 PM
========================================
========================================
Build started for BusBuddy.Core - Debug at 7/20/2025 10:25:56 PM
Build completed for BusBuddy.Core - Debug at 7/20/2025 10:25:56 PM
========================================
========================================
Build started for BusBuddy.Core - Debug at 7/20/2025 10:30:18 PM
Build completed for BusBuddy.Core - Debug at 7/20/2025 10:30:19 PM
========================================
========================================
Build started for BusBuddy.Core - Debug at 7/20/2025 10:41:33 PM
Build completed for BusBuddy.Core - Debug at 7/20/2025 10:41:34 PM
========================================
========================================
Build started for BusBuddy.Core - Debug at 7/20/2025 11:16:15 PM
Build completed for BusBuddy.Core - Debug at 7/20/2025 11:16:22 PM
========================================
========================================
Build started for BusBuddy.Core - Debug at 7/20/2025 11:17:06 PM
Build completed for BusBuddy.Core - Debug at 7/20/2025 11:17:06 PM
========================================
========================================
Build started for BusBuddy.Core - Debug at 7/20/2025 11:18:58 PM
Build completed for BusBuddy.Core - Debug at 7/20/2025 11:19:03 PM
========================================
========================================
Build started for BusBuddy.Core - Debug at 7/20/2025 11:20:17 PM
Build completed for BusBuddy.Core - Debug at 7/20/2025 11:20:19 PM
========================================
========================================
Build started for BusBuddy.Core - Debug at 7/20/2025 11:38:01 PM
Build completed for BusBuddy.Core - Debug at 7/20/2025 11:38:01 PM
========================================
========================================
Build started for BusBuddy.Core - Debug at 7/20/2025 11:41:04 PM
Build completed for BusBuddy.Core - Debug at 7/20/2025 11:41:04 PM
========================================
========================================
Build started for BusBuddy.Core - Debug at 7/20/2025 11:43:54 PM
Build completed for BusBuddy.Core - Debug at 7/20/2025 11:43:55 PM
========================================
========================================
Build started for BusBuddy.Core - Debug at 7/20/2025 11:49:15 PM
Build completed for BusBuddy.Core - Debug at 7/20/2025 11:49:15 PM
========================================
========================================
Build started for BusBuddy.Core - Debug at 7/20/2025 11:52:02 PM
Build completed for BusBuddy.Core - Debug at 7/20/2025 11:52:02 PM
========================================
========================================
Build started for BusBuddy.Core - Debug at 7/21/2025 8:42:58 AM
Build completed for BusBuddy.Core - Debug at 7/21/2025 8:42:59 AM
========================================
========================================
Build started for BusBuddy.Core - Debug at 7/21/2025 9:19:27 AM
Build completed for BusBuddy.Core - Debug at 7/21/2025 9:19:34 AM
========================================
========================================
Build started for BusBuddy.Core - Debug at 7/21/2025 9:22:27 AM
Build completed for BusBuddy.Core - Debug at 7/21/2025 9:22:27 AM
========================================
========================================
Build started for BusBuddy.Core - Debug at 7/21/2025 9:30:35 AM
Build completed for BusBuddy.Core - Debug at 7/21/2025 9:30:36 AM
========================================
========================================
Build started for BusBuddy.Core - Debug at 7/21/2025 9:40:44 AM
Build completed for BusBuddy.Core - Debug at 7/21/2025 9:40:45 AM
========================================
========================================
Build started for BusBuddy.Core - Debug at 7/21/2025 9:42:59 AM
Build completed for BusBuddy.Core - Debug at 7/21/2025 9:42:59 AM
========================================
========================================
Build started for BusBuddy.Core - Debug at 7/21/2025 9:46:31 AM
Build completed for BusBuddy.Core - Debug at 7/21/2025 9:46:31 AM
========================================
========================================
Build started for BusBuddy.Core - Debug at 7/21/2025 10:41:58 AM
Build completed for BusBuddy.Core - Debug at 7/21/2025 10:42:06 AM
========================================
========================================
Build started for BusBuddy.Core - Debug at 7/21/2025 10:42:31 AM
Build completed for BusBuddy.Core - Debug at 7/21/2025 10:42:31 AM
========================================
========================================
Build started for BusBuddy.Core - Debug at 7/21/2025 12:02:19 PM
Build completed for BusBuddy.Core - Debug at 7/21/2025 12:02:28 PM
========================================
